1576626012315	mozrunner::runner	INFO	Running command: "C:\\Program Files\\Mozilla Firefox\\firefox.exe" "-marionette" "-foreground" "-no-remote" "-profile" "C:\\Users\\victo\\AppData\\Local\\Temp\\rust_mozprofilemEyJVw"
1576626021612	addons.webextension.screenshots@mozilla.org	WARN	Loading extension 'screenshots@mozilla.org': Reading manifest: Invalid extension permission: mozillaAddons
1576626021613	addons.webextension.screenshots@mozilla.org	WARN	Loading extension 'screenshots@mozilla.org': Reading manifest: Invalid extension permission: telemetry
1576626021614	addons.webextension.screenshots@mozilla.org	WARN	Loading extension 'screenshots@mozilla.org': Reading manifest: Invalid extension permission: resource://pdf.js/
1576626021624	addons.webextension.screenshots@mozilla.org	WARN	Loading extension 'screenshots@mozilla.org': Reading manifest: Invalid extension permission: about:reader*
JavaScript error: resource://gre/modules/XULStore.jsm, line 66: Error: Can't find profile directory.
[Parent 7152, Gecko_IOThread] WARNING: pipe error: 109: file z:/task_1575282935/build/src/ipc/chromium/src/chrome/common/ipc_channel_win.cc, line 341
[Child 4984, Chrome_ChildThread] WARNING: pipe error: 109: file z:/task_1575282935/build/src/ipc/chromium/src/chrome/common/ipc_channel_win.cc, line 341
[Child 1576626038896	Marionette	INFO	Listening on port 52980
1576626039526	Marionette	WARN	TLS certificate errors will be ignored for this session
JavaScript warning: https://pje1g.trf3.jus.br/pje/a4j/g/3_3_3.Final/org/ajax4jsf/framework.pack.js.seam, line 5514: unreachable code after return statement
JavaScript warning: https://pje1g.trf3.jus.br/pje/a4j/g/3_3_3.Final/org/richfaces/ui.pack.js.seam, line 12786: unreachable code after return statement
JavaScript warning: https://pje1g.trf3.jus.br/pje/a4j/g/3_3_3.Final/org/richfaces/ui.pack.js.seam, line 12786: unreachable code after return statement
[Parent 7152, Gecko_IOThread] WARNING: pipe error: 109: file z:/task_1575282935/build/src/ipc/chromium/src/chrome/common/ipc_channel_win.cc, line 341
[Child 6092, Chrome_ChildThread] WARNING: pipe error: 109: file z:/task_1575282935/build/src/ipc/chromium/src/chrome/common/ipc_channel_win.cc, line 341
[Child 6092, C[Parent 7152, Gecko_IOThread] WARNING: pipe error: 109: file z:/task_1575282935/build/src/ipc/chromium/src/chrome/common/ipc_channel_win.cc, line 341
1576626193210	Marionette	INFO	Stopped listening on port 52980

###!!! [Child][RunMessage] Error: Channel closing: too late to send/recv, messages will be lost

[GPU 84
###!!! [Child][MessageChannel::SendAndWait] Error: Channel error: cannot send/recv

1576626199072	mozrunner::runner	INFO	Running command: "C:\\Program Files\\Mozilla Firefox\\firefox.exe" "-marionette" "-foreground" "-no-remote" "-profile" "C:\\Users\\victo\\AppData\\Local\\Temp\\rust_mozprofileHXGVfD"
1576626201372	addons.webextension.screenshots@mozilla.org	WARN	Loading extension 'screenshots@mozilla.org': Reading manifest: Invalid extension permission: mozillaAddons
1576626201373	addons.webextension.screenshots@mozilla.org	WARN	Loading extension 'screenshots@mozilla.org': Reading manifest: Invalid extension permission: telemetry
1576626201373	addons.webextension.screenshots@mozilla.org	WARN	Loading extension 'screenshots@mozilla.org': Reading manifest: Invalid extension permission: resource://pdf.js/
1576626201373	addons.webextension.screenshots@mozilla.org	WARN	Loading extension 'screenshots@mozilla.org': Reading manifest: Invalid extension permission: about:reader*
JavaScript error: resource://gre/modules/XULStore.jsm, line 66: Error: Can't find profile directory.
1576626208831	Marionette	INFO	Listening on port 53372
1576626209781	Marionette	WARN	TLS certificate errors will be ignored for this session
JavaScript warning: https://pje1g.trf3.jus.br/pje/a4j/g/3_3_3.Final/org/ajax4jsf/framework.pack.js.seam, line 5514: unreachable code after return statement
JavaScript warning: https://pje1g.trf3.jus.br/pje/a4j/g/3_3_3.Final/org/richfaces/ui.pack.js.seam, line 12786: unreachable code after return statement
JavaScript warning: https://pje1g.trf3.jus.br/pje/a4j/g/3_3_3.Final/org/richfaces/ui.pack.js.seam, line 12786: unreachable code after return statement
JavaScript warning: https://pje1g.trf3.jus.br/pje/a4j/g/3_3_3.Final/org/ajax4jsf/framework.pack.js.seam, line 5514: unreachable code after return statement
JavaScript warning: https://pje1g.trf3.jus.br/pje/a4j/g/3_3_3.Final/org/richfaces/ui.pack.js.seam, line 12786: unreachable code after return statement
JavaScript warning: https://pje1g.trf3.jus.br/pje/a4j/g/3_3_3.Final/org/richfaces/ui.pack.js.seam, line 12786: unreachable code after return statement
[[Child 11168, Chrome_ChildThread] WARNING: pipe error: 109: file z:/task_1575282935/build/src/ipc/chromium/src/chrome/common/ipc_channel_win.cc, line 341
[Child 1[Parent 8848, Gecko_IOThread] WARNING: pipe error: 109: file z:/task_1575282935/build/src/ipc/chromium/src/chrome/common/ipc_channel_win.cc, line 341
1576626269198	Marionette	INFO	Stopped listening on port 53372

###!!! [Child][MessageChannel::SendAndWait] Error: Channel error: cannot send/recv

1576627122308	mozrunner::runner	INFO	Running command: "C:\\Program Files\\Mozilla Firefox\\firefox.exe" "-marionette" "-foreground" "-no-remote" "-profile" "C:\\Users\\victo\\AppData\\Local\\Temp\\rust_mozprofilecYuAgW"
1576627124708	addons.webextension.screenshots@mozilla.org	WARN	Loading extension 'screenshots@mozilla.org': Reading manifest: Invalid extension permission: mozillaAddons
1576627124708	addons.webextension.screenshots@mozilla.org	WARN	Loading extension 'screenshots@mozilla.org': Reading manifest: Invalid extension permission: telemetry
1576627124709	addons.webextension.screenshots@mozilla.org	WARN	Loading extension 'screenshots@mozilla.org': Reading manifest: Invalid extension permission: resource://pdf.js/
1576627124709	addons.webextension.screenshots@mozilla.org	WARN	Loading extension 'screenshots@mozilla.org': Reading manifest: Invalid extension permission: about:reader*
JavaScript error: resource://gre/modules/XULStore.jsm, line 66: Error: Can't find profile directory.
1576627138855	Marionette	INFO	Listening on port 54364
1576627139445	Marionette	WARN	TLS certificate errors will be ignored for this session
[Child 6328, Chrome_ChildThread] WARNING: pipe error: 109: file z:/task_1575282935/build/src/ipc/chromium/src/chrome/common/ipc_channel_win.cc, line 341
[Child 6328, Chrome_ChildThread] WARNING: pipe error: 109: file z:/task_1575282935/build/src/ipc/chromium/src/chrome/common/ipc_channel_win.cc, line 341

###!!! [Child][MessageChannel] Error: (msgtype=0x860001,name=PScriptCache::Msg___delete__) Channel closing: too late to send/recv, messages will be lost

JavaScript warning: https://pje1g.trf3.jus.br/pje/a4j/g/3_3_3.Final/org/ajax4jsf/framework.pack.js.seam, line 5514: unreachable code after return statement
JavaScript warning: https://pje1g.trf3.jus.br/pje/a4j/g/3_3_3.Final/org/richfaces/ui.pack.js.seam, line 12786: unreachable code after return statement
JavaScript warning: https://pje1g.trf3.jus.br/pje/a4j/g/3_3_3.Final/org/richfaces/ui.pack.js.seam, line 12786: unreachable code after return statement
[Child 4808, Chrome_ChildThread] WARNING: pipe error: 109: file z:/task_1575282935/build/src/ipc/chromium/src/chrome/common/ipc_channel_win.cc, line 341
[Child 6068, Chrome_ChildThread] WARNING: pipe error: 109: file z:/task_1575282935/build/src/ipc/chromium/src/chrome/common/ipc_channel_win.cc, line 341
[Parent 7048, Gecko_IOThread] WARNING: pipe error: 109: file z:/task_1575282935/build/src/ipc/chromium/src/chrome/common/ipc_channel_win.cc, line 341
1576627223372	Marionette	INFO	Stopped listening on port 54364

###!!! [Child][RunMessage] Error: Channel closing: too late to send/recv, messages will be lost

[GPU 75
###!!! [Child][MessageChannel::SendAndWait] Error: Channel error: cannot send/recv

urce://pdf.js/
1576627177130	addons.webextension.screenshots@mozilla.org	WARN	Loading extension 'screenshots@mozilla.org': Reading manifest: Invalid extension permission: about:reader*
JavaScript error: resource://gre/modules/XULStore.jsm, line 66: Error: Can't find profile directory.
1576627184086	Marionette	INFO	Listening on port 54551
1576627184206	Marionette	WARN	TLS certificate errors will be ignored for this session
JavaScript warning: https://pje1g.trf3.jus.br/pje/a4j/g/3_3_3.Final/org/ajax4jsf/framework.pack.js.seam, line 5514: unreachable code after return statement
JavaScript warning: https://pje1g.trf3.jus.br/pje/a4j/g/3_3_3.Final/org/richfaces/ui.pack.js.seam, line 12786: unreachable code after return statement
JavaScript warning: https://pje1g.trf3.jus.br/pje/a4j/g/3_3_3.Final/org/richfaces/ui.pack.js.seam, line 12786: unreachable code after return statement
JavaScript warning: https://pje1g.trf3.jus.br/pje/a4j/g/3_3_3.Final/org/ajax4jsf/framework.pack.js.seam, line 5514: unreachable code after return statement
JavaScript warning: https://pje1g.trf3.jus.br/pje/a4j/g/3_3_3.Final/org/richfaces/ui.pack.js.seam, line 12786: unreachable code after return statement
JavaScript warning: https://pje1g.trf3.jus.br/pje/a4j/g/3_3_3.Final/org/richfaces/ui.pack.js.seam, line 12786: unreachable code after return statement
[Child 9800, Chrome_ChildThread] WARNING: pipe error: 109: file z:/task_1575282935/build/src/ipc/chromium/src/chrome/common/ipc_channel_win.cc, line 341
[Child [Parent 6536, Gecko_IOThread] WARNING: pipe error: 109: file z:/task_1575282935/build/src/ipc/chromium/src/chrome/common/ipc_channel_win.cc, line 341
[Child 6400, Chrome_ChildThread] WARNING: pipe error: 109: file z:/task_1575282935/build/src/ipc/chromium/src/chrome/common/ipc_channel_win.cc, line 341
[Child 6400, Chro[Parent 6536, Gecko_IOThread] WARNING: pipe error: 109: file z:/task_1575282935/build/src/ipc/chromium/src/chrome/common/ipc_channel_win.cc, line 341
[Child 8084, Chrome_ChildThread] WARNING: pipe error: 109: file z:/task_1575282935/build/src/ipc/chromium/src/chrome/common/ipc_channel_win.cc, line 341
[Child1576627224183	Marionette	INFO	Stopped listening on port 54551

###!!! [Child][RunMessage] Error: Channel closing: too late to send/recv, messages will be lost

[GPU 1564, Chro
###!!! [Child][MessageChannel::SendAndWait] Error: Channel error: cannot send/recv

1578425370373	mozrunner::runner	INFO	Running command: "C:\\Program Files\\Mozilla Firefox\\firefox.exe" "-marionette" "-foreground" "-no-remote" "-profile" "C:\\Users\\victo\\AppData\\Local\\Temp\\rust_mozprofile8mMqdk"
1578425376672	addons.webextension.screenshots@mozilla.org	WARN	Loading extension 'screenshots@mozilla.org': Reading manifest: Invalid extension permission: mozillaAddons
1578425376673	addons.webextension.screenshots@mozilla.org	WARN	Loading extension 'screenshots@mozilla.org': Reading manifest: Invalid extension permission: telemetry
1578425376673	addons.webextension.screenshots@mozilla.org	WARN	Loading extension 'screenshots@mozilla.org': Reading manifest: Invalid extension permission: resource://pdf.js/
1578425376674	addons.webextension.screenshots@mozilla.org	WARN	Loading extension 'screenshots@mozilla.org': Reading manifest: Invalid extension permission: about:reader*
JavaScript error: resource://gre/modules/XULStore.jsm, line 66: Error: Can't find profile directory.
[Child 1336, Chrome_ChildThread] WARNING: pipe error: 109: file z:/task_1575282935/build/src/ipc/chromium/src/chrome/common/ipc_channel_win.cc, line 341
[Child 13361578425392198	Marionette	INFO	Listening on port 51354
1578425392848	Marionette	WARN	TLS certificate errors will be ignored for this session
JavaScript warning: https://esaj.tjsp.jus.br/sajcas/js/spw/spwConcatenado-4.3.3-14.js?n=1730569225, line 7473: unreachable code after return statement
JavaScript warning: https://esaj.tjsp.jus.br/esaj/js/jquery/jquery-1.3.2.js?n=4277120003, line 2425: unreachable code after return statement
JavaScript warning: https://esaj.tjsp.jus.br/esaj/js/spw/spwConcatenado.js?n=b4ccb6aa-d0d5-43c0-a8cf-7e2551ccecb3, line 7525: unreachable code after return statement
JavaScript warning: https://esaj.tjsp.jus.br/esaj/js/jquery/jquery-1.3.2.js?n=4277120003, line 2425: unreachable code after return statement
JavaScript warning: https://esaj.tjsp.jus.br/esaj/js/spw/spwConcatenado.js?n=b4ccb6aa-d0d5-43c0-a8cf-7e2551ccecb3, line 7525: unreachable code after return statement
JavaScript warning: https://esaj.tjsp.jus.br/cpopg/js/spw/spwConcatenado.js?n=370dbb31-4c9e-44a2-8f81-a4fbcd430819, line 7525: unreachable code after return statement
JavaScript warning: https://esaj.tjsp.jus.br/cpopg/js/spw/spwConcatenado.js?n=370dbb31-4c9e-44a2-8f81-a4fbcd430819, line 7525: unreachable code after return statement
1578425409100	Marionette	INFO	Stopped listening on port 51354
[Child 7516, Chrome_ChildThread] WARNING: pipe error: 109: file z:/task_1575282935/build/src/ipc/chromium/src/chrome/common/ipc_channel_win.cc, line 341
[Child 7516, Chrome_ChildT[Child 5836, Chrome_ChildThread] WARNING: pipe error: 109: file z:/task_1575282935/build/src/ipc/chromium/src/chrome/common/ipc_channel_win.cc, line 341
[Child 5836, C[Parent 2808, Gecko_IOThread] WARNING: pipe error: 109: file z:/task_1575282935/build/src/ipc/chromium/src/chrome/common/ipc_channel_win.cc, line 341
[Child 8852, Chrome_ChildThread] WARNING: pipe error: 109: file z:/task_1575282935/build/src/ipc/chromium/src/chrome/common/ipc_channel_win.cc, line 341
[Child 8
###!!! [Child][RunMessage] Error: Channel closing: too late to send/recv, messages will be lost

[GP
###!!! [Child][MessageChannel::SendAndWait] Error: Channel error: cannot send/recv

